<?xml version="1.0" encoding="UTF-8"?>
<testsuite name="demo/tests" tests="2" failures="2" skipped="0" hostname="LAPTOP-72V7EMJO" time="15.114" timestamp="Tue May 04 16:38:19 IST 2021">
	<properties>
		<property name="excludeCallableTestCases" value="true"/>
		<property name="testEnvironment" value=""/>
		<property name="pluginOutputLevel" value="SEVERE"/>
		<property name="projectPath" value=".."/>
		<property name="salesforceMetadataCache" value="Reuse"/>
		<property name="resultsPathDisposition" value="Increment"/>
		<property name="testOutputLevel" value="FINE"/>
		<property name="webBrowserType" value="Chrome"/>
		<property name="resultsPath" value="../ANT/Results"/>
		<property name="webBrowserConfiguration" value="Full Screen"/>
		<property name="projectCachePath" value="C:\Users\karth\git\Provar-Demo\demo\ANT\..\.provarCaches"/>
	</properties>
	<testcase classname="tests/Trial Tests\API\CreateAccount_API.testcase" name="CreateAccount_API.testcase" time="6.817">
		<failure message="Execution failed"><![CDATA[Failed to create Object.  Error Messages: entity is deleted]]></failure>
	</testcase>
	<testcase classname="tests/Trial Tests\API\Delete_Account_API.testcase" name="Delete_Account_API.testcase" time="7.338">
		<failure message="Execution failed"><![CDATA[Failed to delete Object.  Error Messages: entity is deleted]]></failure>
	</testcase>
</testsuite>
