<?xml version="1.0" encoding="UTF-8"?>
<testsuite name="demo/tests" tests="3" failures="0" skipped="0" hostname="LAPTOP-72V7EMJO" time="369.291" timestamp="Tue May 04 15:17:15 IST 2021">
	<properties>
		<property name="excludeCallableTestCases" value="true"/>
		<property name="testEnvironment" value=""/>
		<property name="pluginOutputLevel" value="WARNING"/>
		<property name="projectPath" value=".."/>
		<property name="salesforceMetadataCache" value="Reuse"/>
		<property name="resultsPathDisposition" value="Increment"/>
		<property name="testOutputLevel" value="INFO"/>
		<property name="webBrowserType" value="Chrome"/>
		<property name="resultsPath" value="../ANT/Results"/>
		<property name="webBrowserConfiguration" value="Full Screen"/>
		<property name="projectCachePath" value="C:\Users\karth\git\Provar-Demo\demo\ANT\..\.provarCaches"/>
	</properties>
	<testcase classname="tests/Trial Tests\Lessons\Lesson 1 and 2 Create Lead.testcase" name="Lesson 1 and 2 Create Lead.testcase" time="54.58">
	</testcase>
	<testcase classname="tests/Trial Tests\Lessons\Lesson 3 Create Opportunity.testcase" name="Lesson 3 Create Opportunity.testcase" time="72.426">
	</testcase>
	<testcase classname="tests/App_Launcher_TC.testcase" name="App_Launcher_TC.testcase" time="208.931">
	</testcase>
</testsuite>
