<?xml version="1.0" encoding="UTF-8"?>
<testsuite name="demo/tests" tests="1" failures="0" skipped="0" hostname="LAPTOP-72V7EMJO" time="34.881" timestamp="Fri Apr 23 13:52:56 IST 2021">
	<properties>
		<property name="excludeCallableTestCases" value="true"/>
		<property name="testEnvironment" value=""/>
		<property name="pluginOutputLevel" value="WARNING"/>
		<property name="projectPath" value=".."/>
		<property name="salesforceMetadataCache" value="Reuse"/>
		<property name="resultsPathDisposition" value="Increment"/>
		<property name="testOutputLevel" value="INFO"/>
		<property name="webBrowserType" value="Chrome"/>
		<property name="resultsPath" value="../ANT/Results"/>
		<property name="webBrowserConfiguration" value="Full Screen"/>
		<property name="projectCachePath" value="C:\Users\karth\Provar\Workspace1\demo\ANT\..\..\.provarCaches"/>
	</properties>
	<testcase classname="tests/Account API.testcase" name="Account API.testcase" time="34.872">
	</testcase>
</testsuite>
